2023-10-18 10:01:14 - ::1 "GET /test HTTP/1.1 200 0s "PostmanRuntime/7.33.0" "
2023-10-18 10:01:44 - ::1 "GET /test/find?id=652f388c031f1bfc69bf9b6d HTTP/1.1 200 12.4104ms "PostmanRuntime/7.33.0" "
2023-10-18 10:02:00 - ::1 "GET /test/find?id=652e53d16483cb536a6a2879 HTTP/1.1 200 11.4334ms "PostmanRuntime/7.33.0" "
2023-10-18 10:06:47 - ::1 "POST /user/add HTTP/1.1 200 0s "PostmanRuntime/7.33.0" "
2023-10-18 10:07:01 - ::1 "POST /user/add HTTP/1.1 200 266.3µs "PostmanRuntime/7.33.0" "
2023-10-18 10:36:06 - ::1 "GET /test/find?id=652e53d16483cb536a6a2879 HTTP/1.1 200 992.1µs "PostmanRuntime/7.33.0" "
2023-10-18 10:37:18 - ::1 "GET /test/find?id=652e53d16483cb536a6a2879 HTTP/1.1 200 495.9µs "PostmanRuntime/7.33.0" "
2023-10-18 10:45:39 - ::1 "GET /test/find?id=652e53d16483cb536a6a2879 HTTP/1.1 200 8.9271ms "PostmanRuntime/7.33.0" "
2023-10-18 11:06:53 - ::1 "GET /test/find?id=652e53d16483cb536a6a2879 HTTP/1.1 200 10.1735ms "PostmanRuntime/7.33.0" "
2023-10-18 11:07:01 - ::1 "GET /test/find?id=652e53d16483cb536a6a2879 HTTP/1.1 200 810.3µs "PostmanRuntime/7.33.0" "
2023-10-18 11:07:52 - ::1 "GET /test/find?id=652e53d16483cb536a6a2879 HTTP/1.1 200 10.4085ms "PostmanRuntime/7.33.0" "
2023-10-18 11:07:58 - ::1 "GET /test/find?id=652f388c031f1bfc69bf9b6d HTTP/1.1 200 998µs "PostmanRuntime/7.33.0" "
2023-10-18 11:08:13 - ::1 "GET /test/find?id=652f388c031f1bfc69bf9b6d HTTP/1.1 200 14.4221ms "PostmanRuntime/7.33.0" "
2023-10-18 11:08:15 - ::1 "GET /test/find?id=652f388c031f1bfc69bf9b6d HTTP/1.1 200 1.0645ms "PostmanRuntime/7.33.0" "
2023-10-18 11:14:27 - ::1 "POST /user/add HTTP/1.1 200 10.9628ms "PostmanRuntime/7.33.0" "
2023-10-18 11:14:51 - ::1 "GET /test/find?id=652f4d93323750c3a2da8d8d HTTP/1.1 200 474.7µs "PostmanRuntime/7.33.0" "
2023-10-18 11:29:54 - ::1 "POST /user/register HTTP/1.1 200 35.0505ms "PostmanRuntime/7.33.0" "
2023-10-18 11:30:03 - ::1 "GET /test/find?id=652f5132cae513e5d8b7eeb0 HTTP/1.1 200 1.0485ms "PostmanRuntime/7.33.0" "
2023-10-18 11:30:09 - ::1 "GET /test/find?id=652f4d93323750c3a2da8d8d HTTP/1.1 200 991.8µs "PostmanRuntime/7.33.0" "
2023-10-18 11:30:13 - ::1 "GET /test/find?id=652f388c031f1bfc69bf9b6d HTTP/1.1 200 1.4922ms "PostmanRuntime/7.33.0" "
2023-10-18 11:33:37 - ::1 "POST /user/register HTTP/1.1 200 992µs "PostmanRuntime/7.33.0" "
2023-10-18 11:36:07 - ::1 "POST /user/register HTTP/1.1 400 11.739ms "PostmanRuntime/7.33.0" "
